<?xml version="1.0" encoding="UTF-8"?>
<testsuite xmlns:xsi="http://www.w3.org/2001/XMLSchema-instance" xsi:noNamespaceSchemaLocation="https://maven.apache.org/surefire/maven-surefire-plugin/xsd/surefire-test-report-3.0.xsd" version="3.0" name="com.udasecurity.security.service.SecurityServiceTest" time="1.276" tests="13" errors="0" skipped="0" failures="0">
  <properties>
[...]
</properties>
  <testcase name="noCatAndAllSensorsInactive_setsNoAlarm" classname="com.udasecurity.security.service.SecurityServiceTest" time="1.116">
    <system-err><![CDATA[WARNING: A Java agent has been loaded dynamically (C:\Users\nitch\.m2\repository\net\bytebuddy\byte-buddy-agent\1.14.10\byte-buddy-agent-1.14.10.jar)
WARNING: If a serviceability tool is in use, please run with -XX:+EnableDynamicAgentLoading to hide this warning
WARNING: If a serviceability tool is not in use, please run with -Djdk.instrument.traceUsage for more information
WARNING: Dynamic loading of agents will be disallowed by default in a future release
]]></system-err>
  </testcase>
  <testcase name="redundantSensorActivationInPendingMode_triggersAlarm" classname="com.udasecurity.security.service.SecurityServiceTest" time="0.004"/>
  <testcase name="sensorActivatedInPendingState_triggersAlarm" classname="com.udasecurity.security.service.SecurityServiceTest" time="0.005"/>
  <testcase name="redundantDeactivationOnInactiveSensor_doesNothing" classname="com.udasecurity.security.service.SecurityServiceTest" time="0.003"/>
  <testcase name="imageShowsCatAndSystemGetsArmedHome_triggersAlarm" classname="com.udasecurity.security.service.SecurityServiceTest" time="0.006"/>
  <testcase name="sensorStateChangeIgnoredWhenAlarmActive" classname="com.udasecurity.security.service.SecurityServiceTest" time="0.003"/>
  <testcase name="deactivateAllSensorsInPendingState_resetsToNoAlarm" classname="com.udasecurity.security.service.SecurityServiceTest" time="0.004"/>
  <testcase name="armingSystem_resetsAllSensors(ArmingStatus)[1]" classname="com.udasecurity.security.service.SecurityServiceTest" time="0.033"/>
  <testcase name="armingSystem_resetsAllSensors(ArmingStatus)[2]" classname="com.udasecurity.security.service.SecurityServiceTest" time="0.004"/>
  <testcase name="disarmingSystem_resetsToNoAlarm(AlarmStatus)[1]" classname="com.udasecurity.security.service.SecurityServiceTest" time="0.004"/>
  <testcase name="disarmingSystem_resetsToNoAlarm(AlarmStatus)[2]" classname="com.udasecurity.security.service.SecurityServiceTest" time="0.002"/>
  <testcase name="detectCatWhenArmedHome_setsAlarm" classname="com.udasecurity.security.service.SecurityServiceTest" time="0.003"/>
  <testcase name="sensorActivatedWhileSystemArmed_setsPendingAlarm" classname="com.udasecurity.security.service.SecurityServiceTest" time="0.002"/>
</testsuite>